{"C:\\Users\\peropero\\Desktop\\job\\common_pkg\\src\\common.ts": {"path":"C:\\Users\\peropero\\Desktop\\job\\common_pkg\\src\\common.ts","statementMap":{"0":{"start":{"line":8,"column":26},"end":{"line":16,"column":1}},"1":{"start":{"line":13,"column":2},"end":{"line":13,"column":28}},"2":{"start":{"line":13,"column":17},"end":{"line":13,"column":28}},"3":{"start":{"line":14,"column":2},"end":{"line":14,"column":28}},"4":{"start":{"line":14,"column":17},"end":{"line":14,"column":28}},"5":{"start":{"line":15,"column":2},"end":{"line":15,"column":13}},"6":{"start":{"line":197,"column":4},"end":{"line":197,"column":21}},"7":{"start":{"line":24,"column":18},"end":{"line":25,"column":24}},"8":{"start":{"line":25,"column":2},"end":{"line":25,"column":24}},"9":{"start":{"line":198,"column":4},"end":{"line":198,"column":13}},"10":{"start":{"line":32,"column":29},"end":{"line":33,"column":39}},"11":{"start":{"line":33,"column":2},"end":{"line":33,"column":39}},"12":{"start":{"line":199,"column":4},"end":{"line":199,"column":24}},"13":{"start":{"line":41,"column":16},"end":{"line":47,"column":1}},"14":{"start":{"line":43,"column":2},"end":{"line":46,"column":8}},"15":{"start":{"line":44,"column":4},"end":{"line":44,"column":58}},"16":{"start":{"line":45,"column":4},"end":{"line":45,"column":15}},"17":{"start":{"line":200,"column":4},"end":{"line":200,"column":11}},"18":{"start":{"line":55,"column":20},"end":{"line":56,"column":45}},"19":{"start":{"line":56,"column":2},"end":{"line":56,"column":45}},"20":{"start":{"line":56,"column":27},"end":{"line":56,"column":37}},"21":{"start":{"line":201,"column":4},"end":{"line":201,"column":15}},"22":{"start":{"line":64,"column":22},"end":{"line":78,"column":1}},"23":{"start":{"line":66,"column":14},"end":{"line":66,"column":32}},"24":{"start":{"line":67,"column":15},"end":{"line":67,"column":38}},"25":{"start":{"line":68,"column":15},"end":{"line":68,"column":27}},"26":{"start":{"line":69,"column":10},"end":{"line":69,"column":21}},"27":{"start":{"line":70,"column":16},"end":{"line":70,"column":33}},"28":{"start":{"line":72,"column":2},"end":{"line":74,"column":null}},"29":{"start":{"line":73,"column":4},"end":{"line":73,"column":34}},"30":{"start":{"line":75,"column":2},"end":{"line":77,"column":null}},"31":{"start":{"line":76,"column":4},"end":{"line":76,"column":58}},"32":{"start":{"line":202,"column":4},"end":{"line":202,"column":17}},"33":{"start":{"line":87,"column":21},"end":{"line":126,"column":4}},"34":{"start":{"line":88,"column":2},"end":{"line":126,"column":4}},"35":{"start":{"line":89,"column":21},"end":{"line":89,"column":67}},"36":{"start":{"line":90,"column":19},"end":{"line":90,"column":35}},"37":{"start":{"line":91,"column":4},"end":{"line":91,"column":31}},"38":{"start":{"line":92,"column":4},"end":{"line":125,"column":6}},"39":{"start":{"line":93,"column":20},"end":{"line":93,"column":31}},"40":{"start":{"line":94,"column":6},"end":{"line":94,"column":34}},"41":{"start":{"line":95,"column":6},"end":{"line":124,"column":8}},"42":{"start":{"line":96,"column":23},"end":{"line":96,"column":55}},"43":{"start":{"line":97,"column":24},"end":{"line":97,"column":47}},"44":{"start":{"line":98,"column":27},"end":{"line":98,"column":38}},"45":{"start":{"line":100,"column":28},"end":{"line":100,"column":43}},"46":{"start":{"line":102,"column":10},"end":{"line":102,"column":65}},"47":{"start":{"line":103,"column":8},"end":{"line":103,"column":34}},"48":{"start":{"line":104,"column":8},"end":{"line":104,"column":36}},"49":{"start":{"line":105,"column":8},"end":{"line":122,"column":null}},"50":{"start":{"line":106,"column":10},"end":{"line":116,"column":12}},"51":{"start":{"line":117,"column":26},"end":{"line":119,"column":null}},"52":{"start":{"line":121,"column":10},"end":{"line":121,"column":27}},"53":{"start":{"line":203,"column":4},"end":{"line":203,"column":16}},"54":{"start":{"line":133,"column":27},"end":{"line":144,"column":1}},"55":{"start":{"line":134,"column":26},"end":{"line":134,"column":58}},"56":{"start":{"line":135,"column":34},"end":{"line":135,"column":61}},"57":{"start":{"line":136,"column":2},"end":{"line":136,"column":41}},"58":{"start":{"line":137,"column":2},"end":{"line":137,"column":30}},"59":{"start":{"line":138,"column":2},"end":{"line":138,"column":22}},"60":{"start":{"line":140,"column":2},"end":{"line":140,"column":34}},"61":{"start":{"line":141,"column":2},"end":{"line":141,"column":15}},"62":{"start":{"line":143,"column":2},"end":{"line":143,"column":34}},"63":{"start":{"line":204,"column":4},"end":{"line":204,"column":22}},"64":{"start":{"line":153,"column":18},"end":{"line":163,"column":2}},"65":{"start":{"line":153,"column":61},"end":{"line":163,"column":2}},"66":{"start":{"line":154,"column":2},"end":{"line":162,"column":null}},"67":{"start":{"line":155,"column":16},"end":{"line":155,"column":45}},"68":{"start":{"line":156,"column":4},"end":{"line":156,"column":21}},"69":{"start":{"line":157,"column":4},"end":{"line":159,"column":null}},"70":{"start":{"line":158,"column":6},"end":{"line":158,"column":33}},"71":{"start":{"line":161,"column":4},"end":{"line":161,"column":27}},"72":{"start":{"line":205,"column":4},"end":{"line":205,"column":13}},"73":{"start":{"line":170,"column":16},"end":{"line":177,"column":1}},"74":{"start":{"line":171,"column":2},"end":{"line":171,"column":21}},"75":{"start":{"line":172,"column":2},"end":{"line":175,"column":null}},"76":{"start":{"line":172,"column":15},"end":{"line":172,"column":27}},"77":{"start":{"line":173,"column":16},"end":{"line":173,"column":45}},"78":{"start":{"line":174,"column":4},"end":{"line":174,"column":60}},"79":{"start":{"line":176,"column":2},"end":{"line":176,"column":15}},"80":{"start":{"line":206,"column":4},"end":{"line":206,"column":11}},"81":{"start":{"line":187,"column":24},"end":{"line":194,"column":1}},"82":{"start":{"line":188,"column":4},"end":{"line":193,"column":null}},"83":{"start":{"line":189,"column":8},"end":{"line":189,"column":null}},"84":{"start":{"line":189,"column":31},"end":{"line":189,"column":null}},"85":{"start":{"line":190,"column":8},"end":{"line":192,"column":20}},"86":{"start":{"line":191,"column":11},"end":{"line":191,"column":null}},"87":{"start":{"line":207,"column":4},"end":{"line":207,"column":19}}},"fnMap":{"0":{"name":"(anonymous_7)","decl":{"start":{"line":8,"column":26},"end":{"line":8,"column":null}},"loc":{"start":{"line":12,"column":12},"end":{"line":16,"column":1}}},"1":{"name":"(anonymous_8)","decl":{"start":{"line":24,"column":18},"end":{"line":24,"column":19}},"loc":{"start":{"line":25,"column":2},"end":{"line":25,"column":24}}},"2":{"name":"(anonymous_9)","decl":{"start":{"line":32,"column":29},"end":{"line":32,"column":30}},"loc":{"start":{"line":33,"column":2},"end":{"line":33,"column":39}}},"3":{"name":"(anonymous_10)","decl":{"start":{"line":41,"column":16},"end":{"line":41,"column":17}},"loc":{"start":{"line":41,"column":60},"end":{"line":47,"column":1}}},"4":{"name":"(anonymous_11)","decl":{"start":{"line":43,"column":30},"end":{"line":43,"column":31}},"loc":{"start":{"line":43,"column":48},"end":{"line":46,"column":3}}},"5":{"name":"(anonymous_12)","decl":{"start":{"line":55,"column":20},"end":{"line":55,"column":21}},"loc":{"start":{"line":56,"column":2},"end":{"line":56,"column":45}}},"6":{"name":"(anonymous_13)","decl":{"start":{"line":56,"column":21},"end":{"line":56,"column":24}},"loc":{"start":{"line":56,"column":27},"end":{"line":56,"column":37}}},"7":{"name":"(anonymous_14)","decl":{"start":{"line":64,"column":22},"end":{"line":64,"column":23}},"loc":{"start":{"line":64,"column":60},"end":{"line":78,"column":1}}},"8":{"name":"(anonymous_15)","decl":{"start":{"line":87,"column":21},"end":{"line":87,"column":22}},"loc":{"start":{"line":88,"column":2},"end":{"line":126,"column":4}}},"9":{"name":"(anonymous_16)","decl":{"start":{"line":88,"column":14},"end":{"line":88,"column":15}},"loc":{"start":{"line":88,"column":26},"end":{"line":126,"column":3}}},"10":{"name":"(anonymous_17)","decl":{"start":{"line":92,"column":23},"end":{"line":92,"column":24}},"loc":{"start":{"line":92,"column":34},"end":{"line":125,"column":5}}},"11":{"name":"(anonymous_18)","decl":{"start":{"line":95,"column":21},"end":{"line":95,"column":24}},"loc":{"start":{"line":95,"column":26},"end":{"line":124,"column":7}}},"12":{"name":"(anonymous_19)","decl":{"start":{"line":133,"column":27},"end":{"line":133,"column":28}},"loc":{"start":{"line":133,"column":66},"end":{"line":144,"column":1}}},"13":{"name":"(anonymous_20)","decl":{"start":{"line":153,"column":18},"end":{"line":153,"column":25}},"loc":{"start":{"line":153,"column":61},"end":{"line":163,"column":2}}},"14":{"name":"(anonymous_21)","decl":{"start":{"line":153,"column":61},"end":{"line":153,"column":null}},"loc":{"start":{"line":153,"column":61},"end":{"line":163,"column":1}}},"15":{"name":"(anonymous_22)","decl":{"start":{"line":170,"column":16},"end":{"line":170,"column":17}},"loc":{"start":{"line":170,"column":48},"end":{"line":177,"column":1}}},"16":{"name":"(anonymous_23)","decl":{"start":{"line":187,"column":24},"end":{"line":187,"column":25}},"loc":{"start":{"line":187,"column":99},"end":{"line":194,"column":1}}},"17":{"name":"(anonymous_24)","decl":{"start":{"line":188,"column":23},"end":{"line":188,"column":24}},"loc":{"start":{"line":188,"column":41},"end":{"line":193,"column":5}}},"18":{"name":"(anonymous_25)","decl":{"start":{"line":190,"column":19},"end":{"line":190,"column":22}},"loc":{"start":{"line":190,"column":24},"end":{"line":192,"column":9}}}},"branchMap":{"0":{"loc":{"start":{"line":13,"column":2},"end":{"line":13,"column":28}},"type":"if","locations":[{"start":{"line":13,"column":2},"end":{"line":13,"column":28}}]},"1":{"loc":{"start":{"line":14,"column":2},"end":{"line":14,"column":28}},"type":"if","locations":[{"start":{"line":14,"column":2},"end":{"line":14,"column":28}}]},"2":{"loc":{"start":{"line":25,"column":2},"end":{"line":25,"column":24}},"type":"binary-expr","locations":[{"start":{"line":25,"column":2},"end":{"line":25,"column":11}},{"start":{"line":25,"column":15},"end":{"line":25,"column":24}}]},"3":{"loc":{"start":{"line":33,"column":2},"end":{"line":33,"column":39}},"type":"cond-expr","locations":[{"start":{"line":33,"column":13},"end":{"line":33,"column":22}},{"start":{"line":33,"column":25},"end":{"line":33,"column":39}}]},"4":{"loc":{"start":{"line":41,"column":30},"end":{"line":41,"column":48}},"type":"default-arg","locations":[{"start":{"line":41,"column":47},"end":{"line":41,"column":48}}]},"5":{"loc":{"start":{"line":44,"column":11},"end":{"line":44,"column":57}},"type":"cond-expr","locations":[{"start":{"line":44,"column":39},"end":{"line":44,"column":53}},{"start":{"line":44,"column":56},"end":{"line":44,"column":57}}]},"6":{"loc":{"start":{"line":75,"column":2},"end":{"line":77,"column":null}},"type":"if","locations":[{"start":{"line":75,"column":2},"end":{"line":77,"column":null}}]},"7":{"loc":{"start":{"line":102,"column":10},"end":{"line":102,"column":65}},"type":"cond-expr","locations":[{"start":{"line":102,"column":39},"end":{"line":102,"column":50}},{"start":{"line":102,"column":53},"end":{"line":102,"column":65}}]},"8":{"loc":{"start":{"line":105,"column":8},"end":{"line":122,"column":null}},"type":"if","locations":[{"start":{"line":105,"column":8},"end":{"line":122,"column":null}}]},"9":{"loc":{"start":{"line":136,"column":18},"end":{"line":136,"column":40}},"type":"binary-expr","locations":[{"start":{"line":136,"column":18},"end":{"line":136,"column":26}},{"start":{"line":136,"column":30},"end":{"line":136,"column":40}}]},"10":{"loc":{"start":{"line":157,"column":4},"end":{"line":159,"column":null}},"type":"if","locations":[{"start":{"line":157,"column":4},"end":{"line":159,"column":null}}]},"11":{"loc":{"start":{"line":189,"column":8},"end":{"line":189,"column":null}},"type":"if","locations":[{"start":{"line":189,"column":8},"end":{"line":189,"column":null}}]}},"s":{"0":1,"1":2,"2":1,"3":1,"4":1,"5":0,"6":1,"7":1,"8":3,"9":1,"10":1,"11":2,"12":1,"13":1,"14":2,"15":9,"16":9,"17":1,"18":1,"19":0,"20":0,"21":1,"22":1,"23":0,"24":0,"25":0,"26":0,"27":0,"28":0,"29":0,"30":0,"31":0,"32":1,"33":1,"34":0,"35":0,"36":0,"37":0,"38":0,"39":0,"40":0,"41":0,"42":0,"43":0,"44":0,"45":0,"46":0,"47":0,"48":0,"49":0,"50":0,"51":0,"52":0,"53":1,"54":1,"55":0,"56":0,"57":0,"58":0,"59":0,"60":0,"61":0,"62":0,"63":1,"64":1,"65":0,"66":0,"67":0,"68":0,"69":0,"70":0,"71":0,"72":1,"73":1,"74":0,"75":0,"76":0,"77":0,"78":0,"79":0,"80":1,"81":1,"82":0,"83":0,"84":0,"85":0,"86":0,"87":1},"f":{"0":2,"1":3,"2":2,"3":2,"4":9,"5":0,"6":0,"7":0,"8":0,"9":0,"10":0,"11":0,"12":0,"13":0,"14":0,"15":0,"16":0,"17":0,"18":0},"b":{"0":[1],"1":[1],"2":[3,1],"3":[1,1],"4":[2],"5":[1,8],"6":[0],"7":[0,0],"8":[0],"9":[0,0],"10":[0],"11":[0]}}
}
