TN:
SF:src\common.ts
FN:8,(anonymous_7)
FN:24,(anonymous_8)
FN:32,(anonymous_9)
FN:41,(anonymous_10)
FN:43,(anonymous_11)
FN:55,(anonymous_12)
FN:56,(anonymous_13)
FN:64,(anonymous_14)
FN:87,(anonymous_15)
FN:88,(anonymous_16)
FN:92,(anonymous_17)
FN:95,(anonymous_18)
FN:133,(anonymous_19)
FN:153,(anonymous_20)
FN:153,(anonymous_21)
FN:170,(anonymous_22)
FN:187,(anonymous_23)
FN:188,(anonymous_24)
FN:190,(anonymous_25)
FNF:19
FNH:5
FNDA:2,(anonymous_7)
FNDA:3,(anonymous_8)
FNDA:2,(anonymous_9)
FNDA:2,(anonymous_10)
FNDA:9,(anonymous_11)
FNDA:0,(anonymous_12)
FNDA:0,(anonymous_13)
FNDA:0,(anonymous_14)
FNDA:0,(anonymous_15)
FNDA:0,(anonymous_16)
FNDA:0,(anonymous_17)
FNDA:0,(anonymous_18)
FNDA:0,(anonymous_19)
FNDA:0,(anonymous_20)
FNDA:0,(anonymous_21)
FNDA:0,(anonymous_22)
FNDA:0,(anonymous_23)
FNDA:0,(anonymous_24)
FNDA:0,(anonymous_25)
DA:8,1
DA:13,2
DA:14,1
DA:15,0
DA:24,1
DA:25,3
DA:32,1
DA:33,2
DA:41,1
DA:43,2
DA:44,9
DA:45,9
DA:55,1
DA:56,0
DA:64,1
DA:66,0
DA:67,0
DA:68,0
DA:69,0
DA:70,0
DA:72,0
DA:73,0
DA:75,0
DA:76,0
DA:87,1
DA:88,0
DA:89,0
DA:90,0
DA:91,0
DA:92,0
DA:93,0
DA:94,0
DA:95,0
DA:96,0
DA:97,0
DA:98,0
DA:100,0
DA:102,0
DA:103,0
DA:104,0
DA:105,0
DA:106,0
DA:117,0
DA:121,0
DA:133,1
DA:134,0
DA:135,0
DA:136,0
DA:137,0
DA:138,0
DA:140,0
DA:141,0
DA:143,0
DA:153,1
DA:154,0
DA:155,0
DA:156,0
DA:157,0
DA:158,0
DA:161,0
DA:170,1
DA:171,0
DA:172,0
DA:173,0
DA:174,0
DA:176,0
DA:187,1
DA:188,0
DA:189,0
DA:190,0
DA:191,0
DA:197,1
DA:198,1
DA:199,1
DA:200,1
DA:201,1
DA:202,1
DA:203,1
DA:204,1
DA:205,1
DA:206,1
DA:207,1
LF:82
LH:29
BRDA:13,0,0,1
BRDA:14,1,0,1
BRDA:25,2,0,3
BRDA:25,2,1,1
BRDA:33,3,0,1
BRDA:33,3,1,1
BRDA:41,4,0,2
BRDA:44,5,0,1
BRDA:44,5,1,8
BRDA:75,6,0,0
BRDA:102,7,0,0
BRDA:102,7,1,0
BRDA:105,8,0,0
BRDA:136,9,0,0
BRDA:136,9,1,0
BRDA:157,10,0,0
BRDA:189,11,0,0
BRF:17
BRH:9
end_of_record
